1586078429143:help
1586078436137:quit
1586078628196:help
1586078667204:weather
1586078672197:help
1586078683200:get-weather
1586078720917:help
1586078725912:weather
1586078732927:weather Москва
1586078812085:help
1586078822091:weather Норильск
1586078832085:weather Красноясрк
1586078853089:weather Красноярск
1586078919462:weather
1586078928468:weather Норилск
1586078937459:weather Норильск
1586078949459:weather Уфа
1586078962459:weather ООА
1586079230407:help
1586079242400:save
1586079248401:weather
1586079253401:save
1586079348596:help
1586079353601:weather
1586079358603:save
1586079422612:help
1586079425605:save
1586079429606:weather
1586079433606:save
1586079484641:show
1586079491633:help
1586079495634:save
1586079500634:weather
1586079505636:save
1586079563644:weather
1586079567638:save
1586079571639:show
1586079586642:stacktrace
1586080394795:help
1586080399789:save
1586080403789:weather
1586080407789:save
1586080411790:show
1586080657334:weather
1586080663324:save
1586080668324:show
1586080732669:weather
1586080737662:show
1586080757663:save
1586080761663:show
1586081034438:weather
1586081038428:save
1586081042428:show
1586081265824:help
1586081270817:weather
1586081275818:save
1586081281818:show
1586081287821:stacktrace
1586084487031:help
1586084491025:weather
1586084496025:save
1586084499025:show
1586084651427:weather
1586084655421:save
1586084658421:show
1586084698440:weather Моска
1586084710429:weather Москва
1586084715427:save
1586084718428:show
1586085581660:weather
1586085590707:weather Москва
1586085594704:save
1586085598710:weather
1586085601719:save
1586085605740:show
1586085747554:stacktrace
1586087439509:help
1586087445551:weather
1586087458631:weather Москва
1586087462634:save
1586087465663:show
1586087600620:weather
1586087783412:save
1586087787453:show
1586089580762:weather
1586089721294:show
1586091446018:weather
1586091614766:show
1586595549292:help
1586595556843:weather
1586595565891:weather Москва
1586595568405:save
1586595576481:weather
1586595579826:save
1586595583729:show
